time="2021-06-10T13:18:06+02:00" level=info msg="request details" host="localhost:23002" method=POST path=/edit proto=HTTP/1.1 response="<nil>" service=auth_service
time="2021-06-10T13:45:16+02:00" level=info msg="D:\\<nil>" agent=PostmanRuntime/7.28.0 host="localhost:23002" method=POST path=/edit proto=HTTP/1.1 response="<nil>"
time="2021-06-10T13:50:03+02:00" level=info msg="D:\\GitHub\\xml_sec\\back_go\\user_service<nil>" agent=PostmanRuntime/7.28.0 host="localhost:23002" method=POST path=/edit proto=HTTP/1.1 response="<nil>"
time="2021-06-10T13:50:55+02:00" level=info msg="D:\\GitHub\\xml_sec\\back_go\\user_service<nil>" agent=PostmanRuntime/7.28.0 host="localhost:23002" method=POST path=/edit proto=HTTP/1.1 response="<nil>"
time="2021-06-10T13:51:27+02:00" level=info msg="D:\\<nil>" agent=PostmanRuntime/7.28.0 host="localhost:23002" method=POST path=/edit proto=HTTP/1.1 response="<nil>"
time="2021-06-10T13:53:54+02:00" level=info msg=. agent=PostmanRuntime/7.28.0 host="localhost:23002" method=POST path=/edit proto=HTTP/1.1 response="<nil>"
time="2021-06-10T14:06:15+02:00" level=error msg="dial tcp: lookup db: no such host"
time="2021-06-10T14:10:35+02:00" level=error msg="dial tcp: lookup db: no such host"
time="2021-06-10T14:10:35+02:00" level=error msg="D:\\GitHub\\xml_sec\\back_go\\user_service<nil>" error_description="dial tcp: lookup db: no such host"
time="2021-06-10T14:12:41+02:00" level=error msg="dial tcp: lookup db: no such host"
time="2021-06-10T14:12:41+02:00" level=error msg="dial tcp: lookup db: no such host" error_description="dial tcp: lookup db: no such host"
time="2021-06-10T14:23:03+02:00" level=error msg="dial tcp: lookup db: no such host"
time="2021-06-11T21:25:10+02:00" level=info msg="Table initialization successful"
time="2021-06-11T21:25:10+02:00" level=info msg="App is working on port :23002"
time="2021-06-11T21:26:07+02:00" level=info msg="Table initialization successful"
time="2021-06-11T21:26:07+02:00" level=info msg="App is working on port :23002"
time="2021-06-11T21:27:10+02:00" level=info msg="request details" agent=PostmanRuntime/7.28.0 host="localhost:23002" method=POST path=/edit proto=HTTP/1.1 response="<nil>" service=user_service
time="2021-06-11T21:30:04+02:00" level=info msg="Table initialization successful"
time="2021-06-11T21:30:04+02:00" level=info msg="App is working on port :23002"
time="2021-06-11T21:30:17+02:00" level=info msg="request details" agent=PostmanRuntime/7.28.0 host="localhost:23002" method=POST path=/edit proto=HTTP/1.1 response="<nil>" service=user_service
time="2021-06-11T21:35:15+02:00" level=error msg="invalid character '\"' after object key:value pair"
time="2021-06-11T21:35:15+02:00" level=error msg="request details" agent=PostmanRuntime/7.28.0 error_description="invalid character '\"' after object key:value pair" host="localhost:23002" method=POST path=/edit proto=HTTP/1.1 response="<nil>" service=user_service
time="2021-06-11T21:35:46+02:00" level=info msg="request details" agent=PostmanRuntime/7.28.0 host="localhost:23002" method=POST path=/edit proto=HTTP/1.1 response="<nil>" service=user_service
time="2021-06-11T21:40:12+02:00" level=info msg="Table initialization successful"
time="2021-06-11T21:40:12+02:00" level=info msg="App is working on port :23002"
time="2021-06-11T21:40:27+02:00" level=info msg="request details" agent=PostmanRuntime/7.28.0 host="localhost:23002" method=POST path=/edit proto=HTTP/1.1 response="<nil>" service=user_service
time="2021-06-11T21:40:59+02:00" level=info msg="request details" agent=PostmanRuntime/7.28.0 host="localhost:23002" method=POST path=/edit proto=HTTP/1.1 response="<nil>" service=user_service
time="2021-06-11T21:42:01+02:00" level=error msg="invalid character '/' looking for beginning of object key string"
time="2021-06-11T21:42:01+02:00" level=error msg="request details" agent=PostmanRuntime/7.28.0 error_description="invalid character '/' looking for beginning of object key string" host="localhost:23002" method=POST path=/edit proto=HTTP/1.1 response="<nil>" service=user_service
time="2021-06-11T21:42:13+02:00" level=info msg="request details" agent=PostmanRuntime/7.28.0 host="localhost:23002" method=POST path=/edit proto=HTTP/1.1 response="<nil>" service=user_service
time="2021-06-11T21:44:00+02:00" level=info msg="Table initialization successful"
time="2021-06-11T21:44:00+02:00" level=info msg="App is working on port :23002"
time="2021-06-11T21:44:25+02:00" level=info msg="request details" agent=PostmanRuntime/7.28.0 host="localhost:23002" method=POST path=/edit proto=HTTP/1.1 response="<nil>" service=user_service
time="2021-06-11T21:45:45+02:00" level=info msg="request details" agent=PostmanRuntime/7.28.0 host="localhost:23002" method=POST path=/edit proto=HTTP/1.1 response="<nil>" service=user_service
time="2021-06-11T21:46:33+02:00" level=info msg="request details" agent=PostmanRuntime/7.28.0 host="localhost:23002" method=POST path=/edit proto=HTTP/1.1 response="<nil>" service=user_service
time="2021-06-11T21:50:04+02:00" level=info msg="request details" agent=PostmanRuntime/7.28.0 host="localhost:23002" method=POST path=/edit proto=HTTP/1.1 response="<nil>" service=user_service
time="2021-06-11T21:50:17+02:00" level=info msg="request details" agent=PostmanRuntime/7.28.0 host="localhost:23002" method=POST path=/edit proto=HTTP/1.1 response="<nil>" service=user_service
time="2021-06-11T21:50:35+02:00" level=info msg="request details" agent=PostmanRuntime/7.28.0 host="localhost:23002" method=POST path=/edit proto=HTTP/1.1 response="<nil>" service=user_service
time="2021-06-11T21:52:35+02:00" level=info msg="Table initialization successful"
time="2021-06-11T21:52:35+02:00" level=info msg="App is working on port :23002"
time="2021-06-11T21:52:52+02:00" level=info msg="request details" agent=PostmanRuntime/7.28.0 host="localhost:23002" method=POST path=/edit proto=HTTP/1.1 response="<nil>" service=user_service
time="2021-06-11T21:53:12+02:00" level=info msg="request details" agent=PostmanRuntime/7.28.0 host="localhost:23002" method=POST path=/edit proto=HTTP/1.1 response="<nil>" service=user_service
time="2021-06-11T21:58:59+02:00" level=info msg="Table initialization successful"
time="2021-06-11T21:58:59+02:00" level=info msg="App is working on port :23002"
time="2021-06-11T21:59:35+02:00" level=info msg="request details" agent=PostmanRuntime/7.28.0 host="localhost:23002" method=GET path=/user/321 proto=HTTP/1.1 response="<nil>" service=user_service
time="2021-06-11T22:04:25+02:00" level=info msg="Table initialization successful"
time="2021-06-11T22:04:25+02:00" level=info msg="App is working on port :23002"
time="2021-06-11T22:15:44+02:00" level=info msg="request details" agent="Mozilla/5.0 (Windows NT 10.0; Win64; x64) AppleWebKit/537.36 (KHTML, like Gecko) Chrome/91.0.4472.101 Safari/537.36" host="localhost:23002" method=GET path=/user/2 proto=HTTP/1.1 response="<nil>" service=user_service
time="2021-06-11T22:16:40+02:00" level=info msg="request details" agent="Mozilla/5.0 (Windows NT 10.0; Win64; x64) AppleWebKit/537.36 (KHTML, like Gecko) Chrome/91.0.4472.101 Safari/537.36" host="localhost:23002" method=GET path=/user/321 proto=HTTP/1.1 response="<nil>" service=user_service
time="2021-06-11T22:16:47+02:00" level=info msg="request details" agent="Mozilla/5.0 (Windows NT 10.0; Win64; x64) AppleWebKit/537.36 (KHTML, like Gecko) Chrome/91.0.4472.101 Safari/537.36" host="localhost:23002" method=GET path=/user/321 proto=HTTP/1.1 response="<nil>" service=user_service
time="2021-06-11T22:17:01+02:00" level=info msg="request details" agent="Mozilla/5.0 (Windows NT 10.0; Win64; x64) AppleWebKit/537.36 (KHTML, like Gecko) Chrome/91.0.4472.101 Safari/537.36" host="localhost:23002" method=GET path=/user/321 proto=HTTP/1.1 response="<nil>" service=user_service
time="2021-06-11T22:17:06+02:00" level=info msg="request details" agent="Mozilla/5.0 (Windows NT 10.0; Win64; x64) AppleWebKit/537.36 (KHTML, like Gecko) Chrome/91.0.4472.101 Safari/537.36" host="localhost:23002" method=GET path=/user/321 proto=HTTP/1.1 response="<nil>" service=user_service
time="2021-06-11T22:17:26+02:00" level=info msg="request details" agent="Mozilla/5.0 (Windows NT 10.0; Win64; x64) AppleWebKit/537.36 (KHTML, like Gecko) Chrome/91.0.4472.101 Safari/537.36" host="localhost:23002" method=POST path=/edit proto=HTTP/1.1 response="<nil>" service=user_service
time="2021-06-11T22:17:38+02:00" level=info msg="request details" agent="Mozilla/5.0 (Windows NT 10.0; Win64; x64) AppleWebKit/537.36 (KHTML, like Gecko) Chrome/91.0.4472.101 Safari/537.36" host="localhost:23002" method=POST path=/edit proto=HTTP/1.1 response="<nil>" service=user_service
time="2021-06-11T22:17:57+02:00" level=info msg="request details" agent="Mozilla/5.0 (Windows NT 10.0; Win64; x64) AppleWebKit/537.36 (KHTML, like Gecko) Chrome/91.0.4472.101 Safari/537.36" host="localhost:23002" method=GET path=/user/321 proto=HTTP/1.1 response="<nil>" service=user_service
time="2021-06-11T22:18:41+02:00" level=info msg="request details" agent="Mozilla/5.0 (Windows NT 10.0; Win64; x64) AppleWebKit/537.36 (KHTML, like Gecko) Chrome/91.0.4472.101 Safari/537.36" host="localhost:23002" method=GET path=/user/321 proto=HTTP/1.1 response="<nil>" service=user_service
time="2021-06-11T22:18:48+02:00" level=info msg="request details" agent="Mozilla/5.0 (Windows NT 10.0; Win64; x64) AppleWebKit/537.36 (KHTML, like Gecko) Chrome/91.0.4472.101 Safari/537.36" host="localhost:23002" method=GET path=/user/321 proto=HTTP/1.1 response="<nil>" service=user_service
time="2021-06-11T22:20:02+02:00" level=info msg="request details" agent="Mozilla/5.0 (Windows NT 10.0; Win64; x64) AppleWebKit/537.36 (KHTML, like Gecko) Chrome/91.0.4472.101 Safari/537.36" host="localhost:23002" method=GET path=/user/321 proto=HTTP/1.1 response="<nil>" service=user_service
time="2021-06-11T22:20:09+02:00" level=info msg="request details" agent="Mozilla/5.0 (Windows NT 10.0; Win64; x64) AppleWebKit/537.36 (KHTML, like Gecko) Chrome/91.0.4472.101 Safari/537.36" host="localhost:23002" method=GET path=/user/321 proto=HTTP/1.1 response="<nil>" service=user_service
time="2021-06-11T22:20:35+02:00" level=info msg="request details" agent="Mozilla/5.0 (Windows NT 10.0; Win64; x64) AppleWebKit/537.36 (KHTML, like Gecko) Chrome/91.0.4472.101 Safari/537.36" host="localhost:23002" method=GET path=/user/321 proto=HTTP/1.1 response="<nil>" service=user_service
time="2021-06-11T22:20:47+02:00" level=info msg="request details" agent="Mozilla/5.0 (Windows NT 10.0; Win64; x64) AppleWebKit/537.36 (KHTML, like Gecko) Chrome/91.0.4472.101 Safari/537.36" host="localhost:23002" method=GET path=/user/321 proto=HTTP/1.1 response="<nil>" service=user_service
time="2021-06-11T22:21:01+02:00" level=info msg="request details" agent="Mozilla/5.0 (Windows NT 10.0; Win64; x64) AppleWebKit/537.36 (KHTML, like Gecko) Chrome/91.0.4472.101 Safari/537.36" host="localhost:23002" method=GET path=/user/321 proto=HTTP/1.1 response="<nil>" service=user_service
time="2021-06-11T22:22:58+02:00" level=info msg="request details" agent="Mozilla/5.0 (Windows NT 10.0; Win64; x64) AppleWebKit/537.36 (KHTML, like Gecko) Chrome/91.0.4472.101 Safari/537.36" host="localhost:23002" method=GET path=/user/321 proto=HTTP/1.1 response="<nil>" service=user_service
time="2021-06-11T22:23:46+02:00" level=info msg="request details" agent="Mozilla/5.0 (Windows NT 10.0; Win64; x64) AppleWebKit/537.36 (KHTML, like Gecko) Chrome/91.0.4472.101 Safari/537.36" host="localhost:23002" method=GET path=/user/321 proto=HTTP/1.1 response="<nil>" service=user_service
time="2021-06-11T22:23:51+02:00" level=info msg="request details" agent="Mozilla/5.0 (Windows NT 10.0; Win64; x64) AppleWebKit/537.36 (KHTML, like Gecko) Chrome/91.0.4472.101 Safari/537.36" host="localhost:23002" method=GET path=/user/321 proto=HTTP/1.1 response="<nil>" service=user_service
time="2021-06-11T22:24:32+02:00" level=info msg="request details" agent="Mozilla/5.0 (Windows NT 10.0; Win64; x64) AppleWebKit/537.36 (KHTML, like Gecko) Chrome/91.0.4472.101 Safari/537.36" host="localhost:23002" method=GET path=/user/321 proto=HTTP/1.1 response="<nil>" service=user_service
time="2021-06-11T22:24:42+02:00" level=info msg="request details" agent="Mozilla/5.0 (Windows NT 10.0; Win64; x64) AppleWebKit/537.36 (KHTML, like Gecko) Chrome/91.0.4472.101 Safari/537.36" host="localhost:23002" method=GET path=/user/321 proto=HTTP/1.1 response="<nil>" service=user_service
time="2021-06-11T22:24:48+02:00" level=info msg="request details" agent="Mozilla/5.0 (Windows NT 10.0; Win64; x64) AppleWebKit/537.36 (KHTML, like Gecko) Chrome/91.0.4472.101 Safari/537.36" host="localhost:23002" method=GET path=/user/321 proto=HTTP/1.1 response="<nil>" service=user_service
time="2021-06-11T22:26:19+02:00" level=info msg="request details" agent="Mozilla/5.0 (Windows NT 10.0; Win64; x64) AppleWebKit/537.36 (KHTML, like Gecko) Chrome/91.0.4472.101 Safari/537.36" host="localhost:23002" method=GET path=/user/321 proto=HTTP/1.1 response="<nil>" service=user_service
time="2021-06-11T22:26:31+02:00" level=info msg="request details" agent="Mozilla/5.0 (Windows NT 10.0; Win64; x64) AppleWebKit/537.36 (KHTML, like Gecko) Chrome/91.0.4472.101 Safari/537.36" host="localhost:23002" method=GET path=/user/321 proto=HTTP/1.1 response="<nil>" service=user_service
time="2021-06-11T22:26:58+02:00" level=info msg="request details" agent="Mozilla/5.0 (Windows NT 10.0; Win64; x64) AppleWebKit/537.36 (KHTML, like Gecko) Chrome/91.0.4472.101 Safari/537.36" host="localhost:23002" method=GET path=/user/321 proto=HTTP/1.1 response="<nil>" service=user_service
time="2021-06-11T22:29:04+02:00" level=info msg="request details" agent="Mozilla/5.0 (Windows NT 10.0; Win64; x64) AppleWebKit/537.36 (KHTML, like Gecko) Chrome/91.0.4472.101 Safari/537.36" host="localhost:23002" method=GET path=/user/321 proto=HTTP/1.1 response="<nil>" service=user_service
time="2021-06-11T22:29:23+02:00" level=info msg="request details" agent="Mozilla/5.0 (Windows NT 10.0; Win64; x64) AppleWebKit/537.36 (KHTML, like Gecko) Chrome/91.0.4472.101 Safari/537.36" host="localhost:23002" method=GET path=/user/321 proto=HTTP/1.1 response="<nil>" service=user_service
time="2021-06-11T22:29:58+02:00" level=info msg="request details" agent="Mozilla/5.0 (Windows NT 10.0; Win64; x64) AppleWebKit/537.36 (KHTML, like Gecko) Chrome/91.0.4472.101 Safari/537.36" host="localhost:23002" method=GET path=/user/321 proto=HTTP/1.1 response="<nil>" service=user_service
time="2021-06-11T22:30:19+02:00" level=info msg="request details" agent="Mozilla/5.0 (Windows NT 10.0; Win64; x64) AppleWebKit/537.36 (KHTML, like Gecko) Chrome/91.0.4472.101 Safari/537.36" host="localhost:23002" method=GET path=/user/321 proto=HTTP/1.1 response="<nil>" service=user_service
time="2021-06-11T22:30:38+02:00" level=info msg="request details" agent="Mozilla/5.0 (Windows NT 10.0; Win64; x64) AppleWebKit/537.36 (KHTML, like Gecko) Chrome/91.0.4472.101 Safari/537.36" host="localhost:23002" method=GET path=/user/321 proto=HTTP/1.1 response="<nil>" service=user_service
time="2021-06-11T22:30:55+02:00" level=info msg="request details" agent="Mozilla/5.0 (Windows NT 10.0; Win64; x64) AppleWebKit/537.36 (KHTML, like Gecko) Chrome/91.0.4472.101 Safari/537.36" host="localhost:23002" method=GET path=/user/321 proto=HTTP/1.1 response="<nil>" service=user_service
time="2021-06-11T22:31:33+02:00" level=info msg="request details" agent="Mozilla/5.0 (Windows NT 10.0; Win64; x64) AppleWebKit/537.36 (KHTML, like Gecko) Chrome/91.0.4472.101 Safari/537.36" host="localhost:23002" method=GET path=/user/321 proto=HTTP/1.1 response="<nil>" service=user_service
time="2021-06-11T22:31:38+02:00" level=info msg="request details" agent="Mozilla/5.0 (Windows NT 10.0; Win64; x64) AppleWebKit/537.36 (KHTML, like Gecko) Chrome/91.0.4472.101 Safari/537.36" host="localhost:23002" method=GET path=/user/321 proto=HTTP/1.1 response="<nil>" service=user_service
time="2021-06-11T22:32:12+02:00" level=info msg="request details" agent="Mozilla/5.0 (Windows NT 10.0; Win64; x64) AppleWebKit/537.36 (KHTML, like Gecko) Chrome/91.0.4472.101 Safari/537.36" host="localhost:23002" method=GET path=/user/321 proto=HTTP/1.1 response="<nil>" service=user_service
time="2021-06-11T22:32:56+02:00" level=info msg="request details" agent="Mozilla/5.0 (Windows NT 10.0; Win64; x64) AppleWebKit/537.36 (KHTML, like Gecko) Chrome/91.0.4472.101 Safari/537.36" host="localhost:23002" method=GET path=/user/321 proto=HTTP/1.1 response="<nil>" service=user_service
time="2021-06-11T22:33:02+02:00" level=info msg="request details" agent="Mozilla/5.0 (Windows NT 10.0; Win64; x64) AppleWebKit/537.36 (KHTML, like Gecko) Chrome/91.0.4472.101 Safari/537.36" host="localhost:23002" method=GET path=/user/321 proto=HTTP/1.1 response="<nil>" service=user_service
time="2021-06-11T22:33:09+02:00" level=info msg="request details" agent="Mozilla/5.0 (Windows NT 10.0; Win64; x64) AppleWebKit/537.36 (KHTML, like Gecko) Chrome/91.0.4472.101 Safari/537.36" host="localhost:23002" method=GET path=/user/321 proto=HTTP/1.1 response="<nil>" service=user_service
time="2021-06-11T22:33:16+02:00" level=info msg="request details" agent="Mozilla/5.0 (Windows NT 10.0; Win64; x64) AppleWebKit/537.36 (KHTML, like Gecko) Chrome/91.0.4472.101 Safari/537.36" host="localhost:23002" method=GET path=/user/321 proto=HTTP/1.1 response="<nil>" service=user_service
time="2021-06-11T22:34:06+02:00" level=info msg="request details" agent="Mozilla/5.0 (Windows NT 10.0; Win64; x64) AppleWebKit/537.36 (KHTML, like Gecko) Chrome/91.0.4472.101 Safari/537.36" host="localhost:23002" method=GET path=/user/321 proto=HTTP/1.1 response="<nil>" service=user_service
time="2021-06-11T22:34:53+02:00" level=info msg="request details" agent="Mozilla/5.0 (Windows NT 10.0; Win64; x64) AppleWebKit/537.36 (KHTML, like Gecko) Chrome/91.0.4472.101 Safari/537.36" host="localhost:23002" method=GET path=/user/321 proto=HTTP/1.1 response="<nil>" service=user_service
time="2021-06-11T22:35:04+02:00" level=info msg="request details" agent="Mozilla/5.0 (Windows NT 10.0; Win64; x64) AppleWebKit/537.36 (KHTML, like Gecko) Chrome/91.0.4472.101 Safari/537.36" host="localhost:23002" method=GET path=/user/321 proto=HTTP/1.1 response="<nil>" service=user_service
time="2021-06-11T22:35:23+02:00" level=info msg="request details" agent="Mozilla/5.0 (Windows NT 10.0; Win64; x64) AppleWebKit/537.36 (KHTML, like Gecko) Chrome/91.0.4472.101 Safari/537.36" host="localhost:23002" method=GET path=/user/321 proto=HTTP/1.1 response="<nil>" service=user_service
time="2021-06-11T22:35:35+02:00" level=info msg="request details" agent="Mozilla/5.0 (Windows NT 10.0; Win64; x64) AppleWebKit/537.36 (KHTML, like Gecko) Chrome/91.0.4472.101 Safari/537.36" host="localhost:23002" method=GET path=/user/321 proto=HTTP/1.1 response="<nil>" service=user_service
